MIF/HEX Update report for extrapolacioon
Mon Oct 31 22:21:32 2011
Quartus II Version 9.1 Build 350 03/24/2010 Service Pack 2 SJ Web Edition


---------------------
; Table of Contents ;
---------------------
  1. Legal Notice
  2. MIF/HEX Update Summary
  3. MIF/HEX Update Processed Files
  4. MIF/HEX Update Messages



----------------
; Legal Notice ;
----------------
Copyright (C) 1991-2010 Altera Corporation
Your use of Altera Corporation's design tools, logic functions 
and other software and tools, and its AMPP partner logic 
functions, and any output files from any of the foregoing 
(including device programming or simulation files), and any 
associated documentation or information are expressly subject 
to the terms and conditions of the Altera Program License 
Subscription Agreement, Altera MegaCore Function License 
Agreement, or other applicable license agreement, including, 
without limitation, that your use is for the sole purpose of 
programming logic devices manufactured by Altera and sold by 
Altera or its authorized distributors.  Please refer to the 
applicable agreement for further details.



+-----------------------------------------------------------+
; MIF/HEX Update Summary                                    ;
+-----------------------+-----------------------------------+
; MIF/HEX Update Status ; Failed - Mon Oct 31 22:21:32 2011 ;
; Revision Name         ; extrapolacioon                    ;
; Top-level Entity Name ; extrapolacioon                    ;
; Family                ; Stratix II                        ;
+-----------------------+-----------------------------------+


+--------------------------------+
; MIF/HEX Update Processed Files ;
+--------------------------------+
; File Name                      ;
+--------------------------------+


+-------------------------+
; MIF/HEX Update Messages ;
+-------------------------+
Info: *******************************************************************
Info: Running Quartus II MIF/HEX Update
    Info: Version 9.1 Build 350 03/24/2010 Service Pack 2 SJ Web Edition
    Info: Processing started: Mon Oct 31 22:21:31 2011
Info: Command: quartus_cdb extrapolacioon -c extrapolacioon --update_mif
Error: Found no Memory Initialization Files to process
Error: Quartus II MIF/HEX Update was unsuccessful. 1 error, 0 warnings
    Error: Peak virtual memory: 182 megabytes
    Error: Processing ended: Mon Oct 31 22:21:32 2011
    Error: Elapsed time: 00:00:01
    Error: Total CPU time (on all processors): 00:00:00


